{
"/export/estudiantes/lixander.cadavid/Yeoman_Appep/empresariales-ic-node/lib/empresariales-ic-node.js":{"path":"/export/estudiantes/lixander.cadavid/Yeoman_Appep/empresariales-ic-node/lib/empresariales-ic-node.js","s":{"1":1,"2":1},"b":{},"f":{"1":1},"fnMap":{"1":{"name":"(anonymous_1)","line":11,"loc":{"start":{"line":11,"column":17},"end":{"line":11,"column":28}}}},"statementMap":{"1":{"start":{"line":11,"column":0},"end":{"line":13,"column":2}},"2":{"start":{"line":12,"column":2},"end":{"line":12,"column":19}}},"branchMap":{},"l":{"11":1,"12":1}}}
